running egg_info
creating build/robot_description_py/robot_description_py.egg-info
writing build/robot_description_py/robot_description_py.egg-info/PKG-INFO
writing dependency_links to build/robot_description_py/robot_description_py.egg-info/dependency_links.txt
writing entry points to build/robot_description_py/robot_description_py.egg-info/entry_points.txt
writing requirements to build/robot_description_py/robot_description_py.egg-info/requires.txt
writing top-level names to build/robot_description_py/robot_description_py.egg-info/top_level.txt
writing manifest file 'build/robot_description_py/robot_description_py.egg-info/SOURCES.txt'
reading manifest file 'build/robot_description_py/robot_description_py.egg-info/SOURCES.txt'
writing manifest file 'build/robot_description_py/robot_description_py.egg-info/SOURCES.txt'
running build
running build_py
creating /home/shakima/robot_description_py/build/robot_description_py/build
creating /home/shakima/robot_description_py/build/robot_description_py/build/lib
creating /home/shakima/robot_description_py/build/robot_description_py/build/lib/robot_description_py
copying robot_description_py/__init__.py -> /home/shakima/robot_description_py/build/robot_description_py/build/lib/robot_description_py
running install
running install_lib
creating /home/shakima/robot_description_py/install/robot_description_py/lib/python3.10/site-packages/robot_description_py
copying /home/shakima/robot_description_py/build/robot_description_py/build/lib/robot_description_py/__init__.py -> /home/shakima/robot_description_py/install/robot_description_py/lib/python3.10/site-packages/robot_description_py
byte-compiling /home/shakima/robot_description_py/install/robot_description_py/lib/python3.10/site-packages/robot_description_py/__init__.py to __init__.cpython-310.pyc
running install_data
creating /home/shakima/robot_description_py/install/robot_description_py/share/ament_index
creating /home/shakima/robot_description_py/install/robot_description_py/share/ament_index/resource_index
creating /home/shakima/robot_description_py/install/robot_description_py/share/ament_index/resource_index/packages
copying resource/robot_description_py -> /home/shakima/robot_description_py/install/robot_description_py/share/ament_index/resource_index/packages
copying package.xml -> /home/shakima/robot_description_py/install/robot_description_py/share/robot_description_py
creating /home/shakima/robot_description_py/install/robot_description_py/share/robot_description_py/launch
copying launch/display_rviz2.launch.py -> /home/shakima/robot_description_py/install/robot_description_py/share/robot_description_py/launch
creating /home/shakima/robot_description_py/install/robot_description_py/share/robot_description_py/urdf
copying urdf/robot_base.urdf -> /home/shakima/robot_description_py/install/robot_description_py/share/robot_description_py/urdf
running install_egg_info
Copying build/robot_description_py/robot_description_py.egg-info to /home/shakima/robot_description_py/install/robot_description_py/lib/python3.10/site-packages/robot_description_py-0.0.0-py3.10.egg-info
running install_scripts
writing list of installed files to '/home/shakima/robot_description_py/build/robot_description_py/install.log'
