[0.797s] Invoking command in '/home/shakima/robot_description_py': PYTHONPATH=/home/shakima/robot_description_py/build/robot_description_py/prefix_override:/home/shakima/robot_description_py/install/robot_description_py/lib/python3.10/site-packages:${PYTHONPATH} /usr/bin/python3 -W ignore:setup.py install is deprecated setup.py egg_info --egg-base build/robot_description_py build --build-base /home/shakima/robot_description_py/build/robot_description_py/build install --record /home/shakima/robot_description_py/build/robot_description_py/install.log --single-version-externally-managed install_data
[1.045s] running egg_info
[1.046s] creating build/robot_description_py/robot_description_py.egg-info
[1.046s] writing build/robot_description_py/robot_description_py.egg-info/PKG-INFO
[1.046s] writing dependency_links to build/robot_description_py/robot_description_py.egg-info/dependency_links.txt
[1.046s] writing entry points to build/robot_description_py/robot_description_py.egg-info/entry_points.txt
[1.047s] writing requirements to build/robot_description_py/robot_description_py.egg-info/requires.txt
[1.047s] writing top-level names to build/robot_description_py/robot_description_py.egg-info/top_level.txt
[1.047s] writing manifest file 'build/robot_description_py/robot_description_py.egg-info/SOURCES.txt'
[1.048s] reading manifest file 'build/robot_description_py/robot_description_py.egg-info/SOURCES.txt'
[1.049s] writing manifest file 'build/robot_description_py/robot_description_py.egg-info/SOURCES.txt'
[1.049s] running build
[1.049s] running build_py
[1.050s] creating /home/shakima/robot_description_py/build/robot_description_py/build
[1.050s] creating /home/shakima/robot_description_py/build/robot_description_py/build/lib
[1.050s] creating /home/shakima/robot_description_py/build/robot_description_py/build/lib/robot_description_py
[1.050s] copying robot_description_py/__init__.py -> /home/shakima/robot_description_py/build/robot_description_py/build/lib/robot_description_py
[1.050s] running install
[1.050s] running install_lib
[1.051s] creating /home/shakima/robot_description_py/install/robot_description_py/lib/python3.10/site-packages/robot_description_py
[1.051s] copying /home/shakima/robot_description_py/build/robot_description_py/build/lib/robot_description_py/__init__.py -> /home/shakima/robot_description_py/install/robot_description_py/lib/python3.10/site-packages/robot_description_py
[1.051s] byte-compiling /home/shakima/robot_description_py/install/robot_description_py/lib/python3.10/site-packages/robot_description_py/__init__.py to __init__.cpython-310.pyc
[1.051s] running install_data
[1.051s] creating /home/shakima/robot_description_py/install/robot_description_py/share/ament_index
[1.052s] creating /home/shakima/robot_description_py/install/robot_description_py/share/ament_index/resource_index
[1.052s] creating /home/shakima/robot_description_py/install/robot_description_py/share/ament_index/resource_index/packages
[1.052s] copying resource/robot_description_py -> /home/shakima/robot_description_py/install/robot_description_py/share/ament_index/resource_index/packages
[1.052s] copying package.xml -> /home/shakima/robot_description_py/install/robot_description_py/share/robot_description_py
[1.052s] creating /home/shakima/robot_description_py/install/robot_description_py/share/robot_description_py/launch
[1.052s] copying launch/display_rviz2.launch.py -> /home/shakima/robot_description_py/install/robot_description_py/share/robot_description_py/launch
[1.052s] creating /home/shakima/robot_description_py/install/robot_description_py/share/robot_description_py/urdf
[1.052s] copying urdf/robot_base.urdf -> /home/shakima/robot_description_py/install/robot_description_py/share/robot_description_py/urdf
[1.052s] running install_egg_info
[1.053s] Copying build/robot_description_py/robot_description_py.egg-info to /home/shakima/robot_description_py/install/robot_description_py/lib/python3.10/site-packages/robot_description_py-0.0.0-py3.10.egg-info
[1.054s] running install_scripts
[1.072s] writing list of installed files to '/home/shakima/robot_description_py/build/robot_description_py/install.log'
[1.097s] Invoked command in '/home/shakima/robot_description_py' returned '0': PYTHONPATH=/home/shakima/robot_description_py/build/robot_description_py/prefix_override:/home/shakima/robot_description_py/install/robot_description_py/lib/python3.10/site-packages:${PYTHONPATH} /usr/bin/python3 -W ignore:setup.py install is deprecated setup.py egg_info --egg-base build/robot_description_py build --build-base /home/shakima/robot_description_py/build/robot_description_py/build install --record /home/shakima/robot_description_py/build/robot_description_py/install.log --single-version-externally-managed install_data
