[0.570s] Invoking command in '/home/shakima/robot_description_py': PYTHONPATH=/home/shakima/robot_description_py/build/robot_description_py/prefix_override:/home/shakima/robot_description_py/install/robot_description_py/lib/python3.10/site-packages:${PYTHONPATH} /usr/bin/python3 -W ignore:setup.py install is deprecated setup.py egg_info --egg-base build/robot_description_py build --build-base /home/shakima/robot_description_py/build/robot_description_py/build install --record /home/shakima/robot_description_py/build/robot_description_py/install.log --single-version-externally-managed install_data
[0.778s] running egg_info
[0.779s] writing build/robot_description_py/robot_description_py.egg-info/PKG-INFO
[0.779s] writing dependency_links to build/robot_description_py/robot_description_py.egg-info/dependency_links.txt
[0.780s] writing entry points to build/robot_description_py/robot_description_py.egg-info/entry_points.txt
[0.781s] writing requirements to build/robot_description_py/robot_description_py.egg-info/requires.txt
[0.781s] writing top-level names to build/robot_description_py/robot_description_py.egg-info/top_level.txt
[0.783s] reading manifest file 'build/robot_description_py/robot_description_py.egg-info/SOURCES.txt'
[0.784s] writing manifest file 'build/robot_description_py/robot_description_py.egg-info/SOURCES.txt'
[0.785s] running build
[0.785s] running build_py
[0.786s] running install
[0.786s] running install_lib
[0.787s] running install_data
[0.788s] copying urdf/robot_base.urdf -> /home/shakima/robot_description_py/install/robot_description_py/share/robot_description_py/urdf
[0.789s] running install_egg_info
[0.791s] removing '/home/shakima/robot_description_py/install/robot_description_py/lib/python3.10/site-packages/robot_description_py-0.0.0-py3.10.egg-info' (and everything under it)
[0.793s] Copying build/robot_description_py/robot_description_py.egg-info to /home/shakima/robot_description_py/install/robot_description_py/lib/python3.10/site-packages/robot_description_py-0.0.0-py3.10.egg-info
[0.797s] running install_scripts
[0.817s] writing list of installed files to '/home/shakima/robot_description_py/build/robot_description_py/install.log'
[0.841s] Invoked command in '/home/shakima/robot_description_py' returned '0': PYTHONPATH=/home/shakima/robot_description_py/build/robot_description_py/prefix_override:/home/shakima/robot_description_py/install/robot_description_py/lib/python3.10/site-packages:${PYTHONPATH} /usr/bin/python3 -W ignore:setup.py install is deprecated setup.py egg_info --egg-base build/robot_description_py build --build-base /home/shakima/robot_description_py/build/robot_description_py/build install --record /home/shakima/robot_description_py/build/robot_description_py/install.log --single-version-externally-managed install_data
