[0.586s] Invoking command in '/home/shakima/robot_description_py': PYTHONPATH=/home/shakima/robot_description_py/build/robot_description_py/prefix_override:/home/shakima/robot_description_py/install/robot_description_py/lib/python3.10/site-packages:${PYTHONPATH} /usr/bin/python3 -W ignore:setup.py install is deprecated setup.py egg_info --egg-base build/robot_description_py build --build-base /home/shakima/robot_description_py/build/robot_description_py/build install --record /home/shakima/robot_description_py/build/robot_description_py/install.log --single-version-externally-managed install_data
[0.805s] running egg_info
[0.806s] writing build/robot_description_py/robot_description_py.egg-info/PKG-INFO
[0.806s] writing dependency_links to build/robot_description_py/robot_description_py.egg-info/dependency_links.txt
[0.806s] writing entry points to build/robot_description_py/robot_description_py.egg-info/entry_points.txt
[0.807s] writing requirements to build/robot_description_py/robot_description_py.egg-info/requires.txt
[0.807s] writing top-level names to build/robot_description_py/robot_description_py.egg-info/top_level.txt
[0.808s] reading manifest file 'build/robot_description_py/robot_description_py.egg-info/SOURCES.txt'
[0.809s] writing manifest file 'build/robot_description_py/robot_description_py.egg-info/SOURCES.txt'
[0.809s] running build
[0.809s] running build_py
[0.810s] running install
[0.810s] running install_lib
[0.811s] running install_data
[0.811s] copying urdf/robot_base.urdf -> /home/shakima/robot_description_py/install/robot_description_py/share/robot_description_py/urdf
[0.812s] running install_egg_info
[0.814s] removing '/home/shakima/robot_description_py/install/robot_description_py/lib/python3.10/site-packages/robot_description_py-0.0.0-py3.10.egg-info' (and everything under it)
[0.815s] Copying build/robot_description_py/robot_description_py.egg-info to /home/shakima/robot_description_py/install/robot_description_py/lib/python3.10/site-packages/robot_description_py-0.0.0-py3.10.egg-info
[0.816s] running install_scripts
[0.836s] writing list of installed files to '/home/shakima/robot_description_py/build/robot_description_py/install.log'
[0.858s] Invoked command in '/home/shakima/robot_description_py' returned '0': PYTHONPATH=/home/shakima/robot_description_py/build/robot_description_py/prefix_override:/home/shakima/robot_description_py/install/robot_description_py/lib/python3.10/site-packages:${PYTHONPATH} /usr/bin/python3 -W ignore:setup.py install is deprecated setup.py egg_info --egg-base build/robot_description_py build --build-base /home/shakima/robot_description_py/build/robot_description_py/build install --record /home/shakima/robot_description_py/build/robot_description_py/install.log --single-version-externally-managed install_data
