[0.730s] Invoking command in '/home/shakima/robot_description_py': PYTHONPATH=/home/shakima/robot_description_py/build/robot_description_py/prefix_override:/home/shakima/robot_description_py/install/robot_description_py/lib/python3.10/site-packages:${PYTHONPATH} /usr/bin/python3 -W ignore:setup.py install is deprecated setup.py egg_info --egg-base build/robot_description_py build --build-base /home/shakima/robot_description_py/build/robot_description_py/build install --record /home/shakima/robot_description_py/build/robot_description_py/install.log --single-version-externally-managed install_data
[0.968s] running egg_info
[0.969s] writing build/robot_description_py/robot_description_py.egg-info/PKG-INFO
[0.970s] writing dependency_links to build/robot_description_py/robot_description_py.egg-info/dependency_links.txt
[0.970s] writing entry points to build/robot_description_py/robot_description_py.egg-info/entry_points.txt
[0.971s] writing requirements to build/robot_description_py/robot_description_py.egg-info/requires.txt
[0.971s] writing top-level names to build/robot_description_py/robot_description_py.egg-info/top_level.txt
[0.972s] reading manifest file 'build/robot_description_py/robot_description_py.egg-info/SOURCES.txt'
[0.973s] writing manifest file 'build/robot_description_py/robot_description_py.egg-info/SOURCES.txt'
[0.974s] running build
[0.974s] running build_py
[0.975s] running install
[0.975s] running install_lib
[0.977s] running install_data
[0.978s] copying urdf/robot_base.urdf -> /home/shakima/robot_description_py/install/robot_description_py/share/robot_description_py/urdf
[0.979s] running install_egg_info
[0.980s] removing '/home/shakima/robot_description_py/install/robot_description_py/lib/python3.10/site-packages/robot_description_py-0.0.0-py3.10.egg-info' (and everything under it)
[0.989s] Copying build/robot_description_py/robot_description_py.egg-info to /home/shakima/robot_description_py/install/robot_description_py/lib/python3.10/site-packages/robot_description_py-0.0.0-py3.10.egg-info
[0.990s] running install_scripts
[1.010s] writing list of installed files to '/home/shakima/robot_description_py/build/robot_description_py/install.log'
[1.043s] Invoked command in '/home/shakima/robot_description_py' returned '0': PYTHONPATH=/home/shakima/robot_description_py/build/robot_description_py/prefix_override:/home/shakima/robot_description_py/install/robot_description_py/lib/python3.10/site-packages:${PYTHONPATH} /usr/bin/python3 -W ignore:setup.py install is deprecated setup.py egg_info --egg-base build/robot_description_py build --build-base /home/shakima/robot_description_py/build/robot_description_py/build install --record /home/shakima/robot_description_py/build/robot_description_py/install.log --single-version-externally-managed install_data
