[0.647s] Invoking command in '/home/shakima/robot_description_py': PYTHONPATH=/home/shakima/robot_description_py/build/robot_description_py/prefix_override:/home/shakima/robot_description_py/install/robot_description_py/lib/python3.10/site-packages:${PYTHONPATH} /usr/bin/python3 -W ignore:setup.py install is deprecated setup.py egg_info --egg-base build/robot_description_py build --build-base /home/shakima/robot_description_py/build/robot_description_py/build install --record /home/shakima/robot_description_py/build/robot_description_py/install.log --single-version-externally-managed install_data
[0.893s] running egg_info
[0.894s] writing build/robot_description_py/robot_description_py.egg-info/PKG-INFO
[0.895s] writing dependency_links to build/robot_description_py/robot_description_py.egg-info/dependency_links.txt
[0.895s] writing entry points to build/robot_description_py/robot_description_py.egg-info/entry_points.txt
[0.895s] writing requirements to build/robot_description_py/robot_description_py.egg-info/requires.txt
[0.896s] writing top-level names to build/robot_description_py/robot_description_py.egg-info/top_level.txt
[0.906s] reading manifest file 'build/robot_description_py/robot_description_py.egg-info/SOURCES.txt'
[0.907s] writing manifest file 'build/robot_description_py/robot_description_py.egg-info/SOURCES.txt'
[0.908s] running build
[0.908s] running build_py
[0.908s] running install
[0.909s] running install_lib
[0.910s] running install_data
[0.910s] copying urdf/robot_base.urdf -> /home/shakima/robot_description_py/install/robot_description_py/share/robot_description_py/urdf
[0.911s] running install_egg_info
[0.913s] removing '/home/shakima/robot_description_py/install/robot_description_py/lib/python3.10/site-packages/robot_description_py-0.0.0-py3.10.egg-info' (and everything under it)
[0.916s] Copying build/robot_description_py/robot_description_py.egg-info to /home/shakima/robot_description_py/install/robot_description_py/lib/python3.10/site-packages/robot_description_py-0.0.0-py3.10.egg-info
[0.917s] running install_scripts
[0.942s] writing list of installed files to '/home/shakima/robot_description_py/build/robot_description_py/install.log'
[0.972s] Invoked command in '/home/shakima/robot_description_py' returned '0': PYTHONPATH=/home/shakima/robot_description_py/build/robot_description_py/prefix_override:/home/shakima/robot_description_py/install/robot_description_py/lib/python3.10/site-packages:${PYTHONPATH} /usr/bin/python3 -W ignore:setup.py install is deprecated setup.py egg_info --egg-base build/robot_description_py build --build-base /home/shakima/robot_description_py/build/robot_description_py/build install --record /home/shakima/robot_description_py/build/robot_description_py/install.log --single-version-externally-managed install_data
