[0.679s] Invoking command in '/home/shakima/robot_description_py': PYTHONPATH=/home/shakima/robot_description_py/build/robot_description_py/prefix_override:/home/shakima/robot_description_py/install/robot_description_py/lib/python3.10/site-packages:${PYTHONPATH} /usr/bin/python3 -W ignore:setup.py install is deprecated setup.py egg_info --egg-base build/robot_description_py build --build-base /home/shakima/robot_description_py/build/robot_description_py/build install --record /home/shakima/robot_description_py/build/robot_description_py/install.log --single-version-externally-managed install_data
[0.903s] running egg_info
[0.905s] writing build/robot_description_py/robot_description_py.egg-info/PKG-INFO
[0.906s] writing dependency_links to build/robot_description_py/robot_description_py.egg-info/dependency_links.txt
[0.907s] writing entry points to build/robot_description_py/robot_description_py.egg-info/entry_points.txt
[0.907s] writing requirements to build/robot_description_py/robot_description_py.egg-info/requires.txt
[0.908s] writing top-level names to build/robot_description_py/robot_description_py.egg-info/top_level.txt
[0.910s] reading manifest file 'build/robot_description_py/robot_description_py.egg-info/SOURCES.txt'
[0.911s] writing manifest file 'build/robot_description_py/robot_description_py.egg-info/SOURCES.txt'
[0.912s] running build
[0.913s] running build_py
[0.913s] running install
[0.914s] running install_lib
[0.915s] running install_data
[0.915s] copying urdf/robot_base.urdf -> /home/shakima/robot_description_py/install/robot_description_py/share/robot_description_py/urdf
[0.916s] running install_egg_info
[0.919s] removing '/home/shakima/robot_description_py/install/robot_description_py/lib/python3.10/site-packages/robot_description_py-0.0.0-py3.10.egg-info' (and everything under it)
[0.921s] Copying build/robot_description_py/robot_description_py.egg-info to /home/shakima/robot_description_py/install/robot_description_py/lib/python3.10/site-packages/robot_description_py-0.0.0-py3.10.egg-info
[0.925s] running install_scripts
[0.944s] writing list of installed files to '/home/shakima/robot_description_py/build/robot_description_py/install.log'
[0.968s] Invoked command in '/home/shakima/robot_description_py' returned '0': PYTHONPATH=/home/shakima/robot_description_py/build/robot_description_py/prefix_override:/home/shakima/robot_description_py/install/robot_description_py/lib/python3.10/site-packages:${PYTHONPATH} /usr/bin/python3 -W ignore:setup.py install is deprecated setup.py egg_info --egg-base build/robot_description_py build --build-base /home/shakima/robot_description_py/build/robot_description_py/build install --record /home/shakima/robot_description_py/build/robot_description_py/install.log --single-version-externally-managed install_data
